c:\users\kavish\documents\visual studio 2013\projects\scopeanalyzer\scopeanalyzer\debug\vc120.pdb
c:\users\kavish\documents\visual studio 2013\projects\scopeanalyzer\scopeanalyzer\debug\vc120.idb
c:\users\kavish\documents\visual studio 2013\projects\scopeanalyzer\scopeanalyzer\debug\filemanager.obj
c:\users\kavish\documents\visual studio 2013\projects\scopeanalyzer\scopeanalyzer\debug\filesystem.obj
c:\users\kavish\documents\visual studio 2013\projects\scopeanalyzer\scopeanalyzer\debug\mnode.obj
c:\users\kavish\documents\visual studio 2013\projects\scopeanalyzer\scopeanalyzer\debug\mtree.obj
c:\users\kavish\documents\visual studio 2013\projects\scopeanalyzer\scopeanalyzer\debug\actionsandrules.obj
c:\users\kavish\documents\visual studio 2013\projects\scopeanalyzer\scopeanalyzer\debug\configureparser.obj
c:\users\kavish\documents\visual studio 2013\projects\scopeanalyzer\scopeanalyzer\debug\fileinfo.obj
c:\users\kavish\documents\visual studio 2013\projects\scopeanalyzer\scopeanalyzer\debug\foldingrules.obj
c:\users\kavish\documents\visual studio 2013\projects\scopeanalyzer\scopeanalyzer\debug\parser.obj
c:\users\kavish\documents\visual studio 2013\projects\scopeanalyzer\scopeanalyzer\debug\scopestack.obj
c:\users\kavish\documents\visual studio 2013\projects\scopeanalyzer\scopeanalyzer\debug\semiexpression.obj
c:\users\kavish\documents\visual studio 2013\projects\scopeanalyzer\scopeanalyzer\debug\tokenizer.obj
c:\users\kavish\documents\visual studio 2013\projects\scopeanalyzer\scopeanalyzer\debug\executive.obj
c:\users\kavish\documents\visual studio 2013\projects\scopeanalyzer\scopeanalyzer\debug\parsefiles.obj
c:\users\kavish\documents\visual studio 2013\projects\scopeanalyzer\scopeanalyzer\debug\xmlwriter.obj
c:\users\kavish\documents\visual studio 2013\projects\scopeanalyzer\debug\scopeanalyzer.ilk
c:\users\kavish\documents\visual studio 2013\projects\scopeanalyzer\debug\scopeanalyzer.exe
c:\users\kavish\documents\visual studio 2013\projects\scopeanalyzer\debug\scopeanalyzer.pdb
c:\users\kavish\documents\visual studio 2013\projects\scopeanalyzer\scopeanalyzer\debug\scopeanalyzer.tlog\cl.command.1.tlog
c:\users\kavish\documents\visual studio 2013\projects\scopeanalyzer\scopeanalyzer\debug\scopeanalyzer.tlog\cl.read.1.tlog
c:\users\kavish\documents\visual studio 2013\projects\scopeanalyzer\scopeanalyzer\debug\scopeanalyzer.tlog\cl.write.1.tlog
c:\users\kavish\documents\visual studio 2013\projects\scopeanalyzer\scopeanalyzer\debug\scopeanalyzer.tlog\link.command.1.tlog
c:\users\kavish\documents\visual studio 2013\projects\scopeanalyzer\scopeanalyzer\debug\scopeanalyzer.tlog\link.read.1.tlog
c:\users\kavish\documents\visual studio 2013\projects\scopeanalyzer\scopeanalyzer\debug\scopeanalyzer.tlog\link.write.1.tlog
