Build started 3/4/2014 11:59:20 AM.
     1>Project "C:\Users\Kavish\Documents\Visual Studio 2013\Projects\ScopeAnalyzer\ScopeAnalyzer\ScopeAnalyzer.vcxproj" on node 2 (Build target(s)).
     1>ClCompile:
         C:\Program Files (x86)\Microsoft Visual Studio 12.0\VC\bin\CL.exe /c /ZI /nologo /W3 /WX- /Od /Oy- /D WIN32 /D _DEBUG /D _CONSOLE /D _LIB /D _MBCS /Gm /EHsc /RTC1 /MDd /GS /fp:precise /Zc:wchar_t /Zc:forScope /Fo"Debug\\" /Fd"Debug\vc120.pdb" /Gd /TP /analyze- /errorReport:prompt ..\FileManager\FileManager.cpp ..\FileSystem\FileSystemDemo\FileSystem.cpp ..\MTree\MTree\MNode.cpp ..\MTree\MTree\MTree.cpp ..\Parser\ActionsAndRules.cpp ..\Parser\ConfigureParser.cpp ..\Parser\FileInfo.cpp ..\Parser\FoldingRules.cpp ..\Parser\Parser.cpp ..\Parser\ScopeStack.cpp ..\Parser\SemiExpression.cpp ..\Parser\Tokenizer.cpp Executive.cpp ParseFiles.cpp XmlWriter.cpp
         XmlWriter.cpp
         ParseFiles.cpp
         Executive.cpp
         Tokenizer.cpp
         SemiExpression.cpp
         ScopeStack.cpp
         Parser.cpp
         FoldingRules.cpp
         FileInfo.cpp
         ConfigureParser.cpp
         ActionsAndRules.cpp
         MTree.cpp
         MNode.cpp
         FileSystem.cpp
         FileManager.cpp
         Generating Code...
       Link:
         C:\Program Files (x86)\Microsoft Visual Studio 12.0\VC\bin\link.exe /ERRORREPORT:PROMPT /OUT:"C:\Users\Kavish\Documents\Visual Studio 2013\Projects\ScopeAnalyzer\Debug\ScopeAnalyzer.exe" /INCREMENTAL /NOLOGO kernel32.lib user32.lib gdi32.lib winspool.lib comdlg32.lib advapi32.lib shell32.lib ole32.lib oleaut32.lib uuid.lib odbc32.lib odbccp32.lib /MANIFEST /MANIFESTUAC:"level='asInvoker' uiAccess='false'" /manifest:embed /DEBUG /PDB:"C:\Users\Kavish\Documents\Visual Studio 2013\Projects\ScopeAnalyzer\Debug\ScopeAnalyzer.pdb" /SUBSYSTEM:CONSOLE /TLBID:1 /DYNAMICBASE /NXCOMPAT /IMPLIB:"C:\Users\Kavish\Documents\Visual Studio 2013\Projects\ScopeAnalyzer\Debug\ScopeAnalyzer.lib" /MACHINE:X86 Debug\FileManager.obj
         Debug\FileSystem.obj
         Debug\MNode.obj
         Debug\MTree.obj
         Debug\ActionsAndRules.obj
         Debug\ConfigureParser.obj
         Debug\FileInfo.obj
         Debug\FoldingRules.obj
         Debug\Parser.obj
         Debug\ScopeStack.obj
         Debug\SemiExpression.obj
         Debug\Tokenizer.obj
         Debug\Executive.obj
         Debug\ParseFiles.obj
         Debug\XmlWriter.obj
         ScopeAnalyzer.vcxproj -> C:\Users\Kavish\Documents\Visual Studio 2013\Projects\ScopeAnalyzer\Debug\ScopeAnalyzer.exe
     1>Done Building Project "C:\Users\Kavish\Documents\Visual Studio 2013\Projects\ScopeAnalyzer\ScopeAnalyzer\ScopeAnalyzer.vcxproj" (Build target(s)).

Build succeeded.

Time Elapsed 00:00:09.78
